# JRE version: Java(TM) SE Runtime Environment (8.0_211-b12) (build 1.8.0_211-b12)
# Java VM: Java HotSpot(TM) 64-Bit Server VM (25.211-b12 mixed mode windows-amd64 compressed oops)
Heap:
 PSYoungGen      total 113152K, used 81111K [0x00000000d5900000, 0x00000000dd700000, 0x0000000100000000)
  eden space 103936K, 69% used [0x00000000d5900000,0x00000000d9f3c7a8,0x00000000dbe80000)
  from space 9216K, 99% used [0x00000000dca00000,0x00000000dd2f96e0,0x00000000dd300000)
  to   space 11776K, 0% used [0x00000000dbe80000,0x00000000dbe80000,0x00000000dca00000)
 ParOldGen       total 56832K, used 9691K [0x0000000080a00000, 0x0000000084180000, 0x00000000d5900000)
  object space 56832K, 17% used [0x0000000080a00000,0x0000000081376da0,0x0000000084180000)
 Metaspace       used 32341K, capacity 32649K, committed 32944K, reserved 1079296K
  class space    used 3908K, capacity 3994K, committed 4016K, reserved 1048576K
GC Heap History (10 events):
Event: 2.444 GC heap before
{Heap before GC invocations=3 (full 0):
 PSYoungGen      total 38400K, used 38384K [0x00000000d5900000, 0x00000000da400000, 0x0000000100000000)
  eden space 33280K, 100% used [0x00000000d5900000,0x00000000d7980000,0x00000000d7980000)
  from space 5120K, 99% used [0x00000000d7e80000,0x00000000d837c068,0x00000000d8380000)
  to   space 5120K, 0% used [0x00000000d7980000,0x00000000d7980000,0x00000000d7e80000)
 ParOldGen       total 87552K, used 2836K [0x0000000080a00000, 0x0000000085f80000, 0x00000000d5900000)
  object space 87552K, 3% used [0x0000000080a00000,0x0000000080cc52e0,0x0000000085f80000)
 Metaspace       used 20057K, capacity 20358K, committed 20736K, reserved 1067008K
  class space    used 2384K, capacity 2458K, committed 2560K, reserved 1048576K
Event: 2.456 GC heap after
Heap after GC invocations=3 (full 0):
 PSYoungGen      total 38400K, used 5096K [0x00000000d5900000, 0x00000000da400000, 0x0000000100000000)
  eden space 33280K, 0% used [0x00000000d5900000,0x00000000d5900000,0x00000000d7980000)
  from space 5120K, 99% used [0x00000000d7980000,0x00000000d7e7a040,0x00000000d7e80000)
  to   space 5120K, 0% used [0x00000000d9f00000,0x00000000d9f00000,0x00000000da400000)
 ParOldGen       total 87552K, used 5874K [0x0000000080a00000, 0x0000000085f80000, 0x00000000d5900000)
  object space 87552K, 6% used [0x0000000080a00000,0x0000000080fbcad8,0x0000000085f80000)
 Metaspace       used 20057K, capacity 20358K, committed 20736K, reserved 1067008K
  class space    used 2384K, capacity 2458K, committed 2560K, reserved 1048576K
}
Event: 2.595 GC heap before
{Heap before GC invocations=4 (full 0):
 PSYoungGen      total 38400K, used 16136K [0x00000000d5900000, 0x00000000da400000, 0x0000000100000000)
  eden space 33280K, 33% used [0x00000000d5900000,0x00000000d63c8270,0x00000000d7980000)
  from space 5120K, 99% used [0x00000000d7980000,0x00000000d7e7a040,0x00000000d7e80000)
  to   space 5120K, 0% used [0x00000000d9f00000,0x00000000d9f00000,0x00000000da400000)
 ParOldGen       total 87552K, used 5874K [0x0000000080a00000, 0x0000000085f80000, 0x00000000d5900000)
  object space 87552K, 6% used [0x0000000080a00000,0x0000000080fbcad8,0x0000000085f80000)
 Metaspace       used 20915K, capacity 21207K, committed 21296K, reserved 1069056K
  class space    used 2473K, capacity 2567K, committed 2608K, reserved 1048576K
Event: 2.602 GC heap after
Heap after GC invocations=4 (full 0):
 PSYoungGen      total 71680K, used 5096K [0x00000000d5900000, 0x00000000da400000, 0x0000000100000000)
  eden space 66560K, 0% used [0x00000000d5900000,0x00000000d5900000,0x00000000d9a00000)
  from space 5120K, 99% used [0x00000000d9f00000,0x00000000da3fa060,0x00000000da400000)
  to   space 5120K, 0% used [0x00000000d9a00000,0x00000000d9a00000,0x00000000d9f00000)
 ParOldGen       total 87552K, used 6742K [0x0000000080a00000, 0x0000000085f80000, 0x00000000d5900000)
  object space 87552K, 7% used [0x0000000080a00000,0x0000000081095ad8,0x0000000085f80000)
 Metaspace       used 20915K, capacity 21207K, committed 21296K, reserved 1069056K
  class space    used 2473K, capacity 2567K, committed 2608K, reserved 1048576K
}
Event: 2.602 GC heap before
{Heap before GC invocations=5 (full 1):
 PSYoungGen      total 71680K, used 5096K [0x00000000d5900000, 0x00000000da400000, 0x0000000100000000)
  eden space 66560K, 0% used [0x00000000d5900000,0x00000000d5900000,0x00000000d9a00000)
  from space 5120K, 99% used [0x00000000d9f00000,0x00000000da3fa060,0x00000000da400000)
  to   space 5120K, 0% used [0x00000000d9a00000,0x00000000d9a00000,0x00000000d9f00000)
 ParOldGen       total 87552K, used 6742K [0x0000000080a00000, 0x0000000085f80000, 0x00000000d5900000)
  object space 87552K, 7% used [0x0000000080a00000,0x0000000081095ad8,0x0000000085f80000)
 Metaspace       used 20915K, capacity 21207K, committed 21296K, reserved 1069056K
  class space    used 2473K, capacity 2567K, committed 2608K, reserved 1048576K
Event: 2.636 GC heap after
Heap after GC invocations=5 (full 1):
 PSYoungGen      total 71680K, used 0K [0x00000000d5900000, 0x00000000da400000, 0x0000000100000000)
  eden space 66560K, 0% used [0x00000000d5900000,0x00000000d5900000,0x00000000d9a00000)
  from space 5120K, 0% used [0x00000000d9f00000,0x00000000d9f00000,0x00000000da400000)
  to   space 5120K, 0% used [0x00000000d9a00000,0x00000000d9a00000,0x00000000d9f00000)
 ParOldGen       total 56832K, used 6832K [0x0000000080a00000, 0x0000000084180000, 0x00000000d5900000)
  object space 56832K, 12% used [0x0000000080a00000,0x00000000810ac018,0x0000000084180000)
 Metaspace       used 20915K, capacity 21207K, committed 21296K, reserved 1069056K
  class space    used 2473K, capacity 2567K, committed 2608K, reserved 1048576K
}
Event: 3.396 GC heap before
{Heap before GC invocations=6 (full 1):
 PSYoungGen      total 71680K, used 66560K [0x00000000d5900000, 0x00000000da400000, 0x0000000100000000)
  eden space 66560K, 100% used [0x00000000d5900000,0x00000000d9a00000,0x00000000d9a00000)
  from space 5120K, 0% used [0x00000000d9f00000,0x00000000d9f00000,0x00000000da400000)
  to   space 5120K, 0% used [0x00000000d9a00000,0x00000000d9a00000,0x00000000d9f00000)
 ParOldGen       total 56832K, used 6832K [0x0000000080a00000, 0x0000000084180000, 0x00000000d5900000)
  object space 56832K, 12% used [0x0000000080a00000,0x00000000810ac018,0x0000000084180000)
 Metaspace       used 24127K, capacity 24397K, committed 24752K, reserved 1071104K
  class space    used 2856K, capacity 2960K, committed 2992K, reserved 1048576K
Event: 3.402 GC heap after
Heap after GC invocations=6 (full 1):
 PSYoungGen      total 71680K, used 5111K [0x00000000d5900000, 0x00000000dd300000, 0x0000000100000000)
  eden space 66560K, 0% used [0x00000000d5900000,0x00000000d5900000,0x00000000d9a00000)
  from space 5120K, 99% used [0x00000000d9a00000,0x00000000d9efdec8,0x00000000d9f00000)
  to   space 9216K, 0% used [0x00000000dca00000,0x00000000dca00000,0x00000000dd300000)
 ParOldGen       total 56832K, used 7022K [0x0000000080a00000, 0x0000000084180000, 0x00000000d5900000)
  object space 56832K, 12% used [0x0000000080a00000,0x00000000810dbb40,0x0000000084180000)
 Metaspace       used 24127K, capacity 24397K, committed 24752K, reserved 1071104K
  class space    used 2856K, capacity 2960K, committed 2992K, reserved 1048576K
}
Event: 4.644 GC heap before
{Heap before GC invocations=7 (full 1):
 PSYoungGen      total 71680K, used 71671K [0x00000000d5900000, 0x00000000dd300000, 0x0000000100000000)
  eden space 66560K, 100% used [0x00000000d5900000,0x00000000d9a00000,0x00000000d9a00000)
  from space 5120K, 99% used [0x00000000d9a00000,0x00000000d9efdec8,0x00000000d9f00000)
  to   space 9216K, 0% used [0x00000000dca00000,0x00000000dca00000,0x00000000dd300000)
 ParOldGen       total 56832K, used 7022K [0x0000000080a00000, 0x0000000084180000, 0x00000000d5900000)
  object space 56832K, 12% used [0x0000000080a00000,0x00000000810dbb40,0x0000000084180000)
 Metaspace       used 29193K, capacity 29541K, committed 29744K, reserved 1075200K
  class space    used 3509K, capacity 3604K, committed 3632K, reserved 1048576K
Event: 4.664 GC heap after
Heap after GC invocations=7 (full 1):
 PSYoungGen      total 113152K, used 9189K [0x00000000d5900000, 0x00000000dd700000, 0x0000000100000000)
  eden space 103936K, 0% used [0x00000000d5900000,0x00000000d5900000,0x00000000dbe80000)
  from space 9216K, 99% used [0x00000000dca00000,0x00000000dd2f96e0,0x00000000dd300000)
  to   space 11776K, 0% used [0x00000000dbe80000,0x00000000dbe80000,0x00000000dca00000)
 ParOldGen       total 56832K, used 9691K [0x0000000080a00000, 0x0000000084180000, 0x00000000d5900000)
  object space 56832K, 17% used [0x0000000080a00000,0x0000000081376da0,0x0000000084180000)
 Metaspace       used 29193K, capacity 29541K, committed 29744K, reserved 1075200K
  class space    used 3509K, capacity 3604K, committed 3632K, reserved 1048576K
}

